Mplus VERSION 8.4 (Linux)
MUTHEN & MUTHEN
04/19/2021   3:47 PM

INPUT INSTRUCTIONS

  TITLE: TSO for positive affect activation items with random autoregressive effect.

  DATA: FILE = "Mplus/hgin.dat";
  VARIABLE:
  NAMES = id days sex age relax energ enthu conte calm cheer event social optim;
  MISSING =.;
  USEVAR = energ enthu cheer;
  CLUSTER = id;
  TINTERVAL = days(0.25);

  ANALYSIS:
  TYPE = TWOLEVEL RANDOM;
  ESTIMATOR = BAYES;
  BITERATIONS = 20000(5000);
  PROCESSORS = 4;
  CHAINS = 4;
  THIN = 10;

  MODEL:

  %WITHIN%
  !Latent occasion specific variable
  paa BY energ@1
         enthu (lamb2)
         cheer (&1 lamb3);

  !Random Autoregressive Effect
  ar | paa ON paa&1;

  !Variances of the random measurement error and
  !the latent state residual.
  energ(me1);
  enthu(me2);
  cheer(me3);
  paa(sred);

  %BETWEEN%
  !Latent trait-indicator variables
  theta1 by energ@1;
  theta2 by enthu@1;
  theta3 by cheer@1;

  !Fix 0 intercepts and estimate latent trait-indicator means.
  !Estimate random coefficients means
  [energ@0];
  [enthu@0];
  [cheer@0];
  [theta1](int1);
  [theta2](int2);
  [theta3](int3);
  [ar];

  !Fix 0 between residual variance. Estimate latent trait-indicator
  !variances and random coefficients variances.
  energ@0.001;
  enthu@0.001;
  cheer@0.001;
  theta1(tvar1);
  theta2(tvar2);
  theta3(tvar3);
  ar;

  !Covariances
  theta1-theta3 WITH theta1-theta3 ar;

  SAVEDATA: BPARAMETERS = hgin_paa_0_samples.dat;
            FILE is hgin_paa_0_fscores.dat;
            SAVE = FSCORES (100 10);
  OUTPUT: TECH8;
          !STANDARDIZED(CLUSTER);
  PLOT: TYPE = PLOT2;






INPUT READING TERMINATED NORMALLY



TSO for positive affect activation items with random autoregressive effect.

SUMMARY OF ANALYSIS

Number of groups                                                 1
Number of observations                                       53104

Number of dependent variables                                    3
Number of independent variables                                  0
Number of continuous latent variables                            6

Observed dependent variables

  Continuous
   ENERG       ENTHU       CHEER

Continuous latent variables
   PAA         PAA&1       THETA1      THETA2      THETA3      AR

Variables with special functions

  Cluster variable      ID

Estimator                                                    BAYES
Specifications for Bayesian Estimation
  Point estimate                                            MEDIAN
  Number of Markov chain Monte Carlo (MCMC) chains               4
  Random seed for the first chain                                0
  Starting value information                           UNPERTURBED
  Algorithm used for Markov chain Monte Carlo           GIBBS(PX1)
  Convergence criterion                                  0.500D-01
  Maximum number of iterations                               20000
  K-th iteration used for thinning                              10
Specifications for Bayes Factor Score Estimation
  Number of imputed data sets                                  100
  Iteration intervals for thinning                              10

Input data file(s)
  Mplus/hgin.dat
Input data format  FREE


SUMMARY OF DATA

     Number of clusters                        451

       Size (s)    Cluster ID with Size s

         96        115050
         99        105607
        104        114970
        109        113441
        110        114652
        111        112834
        112        111562 110159 114283 112977 103380
        113        103917 112311 114222 112210 112148
        114        112383 114918 113523 108074 111680 112189 115093
        115        106097 107990 101449 113537 113914 111787
        116        114027 112981 114776 114721 113602 113009 109754 104516
                   107727 105718 102348 109462 113604 113987 111472 112212
        117        111777 110374 113852 107515 111183 102434 104230 101329
                   113502 105926 114777 112762 101748 112897 113520 107926
                   108530 113267 114635 111263 113483 112251 115000 107902
                   107109 108142 114999 114333 113818 113968 111225 110660
                   111786 115021 105326 112253 113271 114610 111286 113998
                   113043 112696 101703 112647 105818 114967 102958 113516
                   111752 105692 109083 105775 114128 114858 111288 113918
                   112882 106000 104220 111660 113833 113756 113260 113880
                   110543
        118        115124 105208 100566 101483 110284 102586 112031 109530
                   114739 113507 114949 106232 111052 110798 113798 107038
                   106347 108248 114627 107487 111491 102160 113196 112051
                   114039 111487 111251 113934 111650 113453 102487 114559
                   114983 113475 108210 114675 113264 113758 110644 110063
                   113597 113173 111267 107080 112045 103112 114748 100023
                   114778 102232 104228 114741 102167 114933 101917 114738
                   110842 100309 114708 112171 103463 112702 113248 113832
                   105232 111338 106972 112547 112634 105265 113099 114146
                   105589 103435 114840 112910 100017 104824 111701 112684
                   114729 113638 113418 100070 112036 113101 114813 111569
                   110364 100952 106870 102438 110183 102407 111559 104582
                   112908 100787 113708 114595 113857 111458 100425 114951
                   111298 112354 114203 113532 112147 100001 113789 18
                   114975 111012 114591 114011 111156 113309 111979 113618
                   112861 102997 113557 111394 111412 113775 112182 100016
                   111741 113899 102088 114385 109823 110328 111494 111966
                   113919 113961 113332 114506 101553 114891 111848 104702
                   112995 100080 107298 110151 114833 102700 107039 113053
                   111754 106523 111744 112621 111203 114948 110278 101003
                   113839 105881 103766 112983 111330 111469 104254 109910
                   114977 103415 101912 105721 114549 111409 104227 114749
                   115084 102103
        119        106069 106318 111334 101251 113200 113240 110448 101307
                   112477 112855 109750 111368 115007 111909 114545 105873
                   109670 101938 113097 111335 108785 112887 108171 111710
                   113821 113430 112259 107152 106098 104729 113945 111951
                   113723 111250 112030 113534 112708 111309 114437 112097
                   101725 112098 114522 114814 111186 104590 114658 105804
                   112022 112027 113203 113090 114890 113847 113941 109746
                   113752 111582 111230 111322 113334 100009 105443 114357
                   112390 114002 111270 112857 112303 109446 113495 114687
                   111591 115127 110659 111969 112790 112979 112243 111927
                   111196 100813 111983 110641 110685 111490 114907 112146
                   111542 111190 113776 113042 114552 107992 114201 114662
                   115087 112540 114589 114736 100198 104647 111883 113096
                   113514 114537 112406 113743 113187 114706 113192 109346
                   111778 105889 111723 114613 108039 111527 112947 112135
                   111903 114680 100020 100540 112301 111529 101786 105476
                   114323 114789 106382 107421 111957 112885 114727 113504
                   109622 103213 111938 101937 113707 103116 114100 100398
                   102498 114644 105606 111302 113428 113263 111463 108977
                   112023 111844 111514 104141 107172 110453 114428 113231
                   103267 112843 112511



SUMMARY OF MISSING DATA PATTERNS

     Number of missing data patterns             2


     MISSING DATA PATTERNS (x = not missing)

           1  2
 ENERG     x
 ENTHU     x
 CHEER     x


     MISSING DATA PATTERN FREQUENCIES

    Pattern   Frequency     Pattern   Frequency
          1       33703           2       19401


COVARIANCE COVERAGE OF DATA

Minimum covariance coverage value   0.100


     PROPORTION OF DATA PRESENT


           Covariance Coverage
              ENERG         ENTHU         CHEER
              ________      ________      ________
 ENERG          0.635
 ENTHU          0.635         0.635
 CHEER          0.635         0.635         0.635



UNIVARIATE SAMPLE STATISTICS


     UNIVARIATE HIGHER-ORDER MOMENT DESCRIPTIVE STATISTICS

         Variable/         Mean/     Skewness/   Minimum/ % with                Percentiles
        Sample Size      Variance    Kurtosis    Maximum  Min/Max      20%/60%    40%/80%    Median

     ENERG                50.638      -0.130       0.000    0.43%      31.000     44.040     50.000
           33703.000     445.241      -0.724     100.000    0.26%      59.690     69.870
     ENTHU                52.481      -0.250       0.000    0.68%      33.550     50.000     53.690
           33703.000     433.141      -0.501     100.000    0.35%      60.960     70.810
     CHEER                56.069      -0.327       0.000    0.47%      36.580     50.000     59.470
           33703.000     428.023      -0.426     100.000    0.54%      64.320     73.960


THE MODEL ESTIMATION TERMINATED NORMALLY

     USE THE FBITERATIONS OPTION TO INCREASE THE NUMBER OF ITERATIONS BY A FACTOR
     OF AT LEAST TWO TO CHECK CONVERGENCE AND THAT THE PSR VALUE DOES NOT INCREASE.



MODEL FIT INFORMATION

Number of Free Parameters                              20

Information Criteria

          Deviance (DIC)                       779886.566
          Estimated Number of Parameters (pD)   29341.548



MODEL RESULTS

                                Posterior  One-Tailed         95% C.I.
                    Estimate       S.D.      P-Value   Lower 2.5%  Upper 2.5%  Significance

Within Level

 PAA      BY
    ENERG              1.000       0.000      0.000       1.000       1.000
    ENTHU              1.131       0.008      0.000       1.116       1.147      *
    CHEER              1.059       0.008      0.000       1.045       1.074      *

 Residual Variances
    ENERG            140.813       1.388      0.000     138.070     143.550      *
    ENTHU             71.105       1.195      0.000      68.797      73.496      *
    CHEER             94.069       1.193      0.000      91.769      96.446      *
    PAA              152.259       2.112      0.000     148.121     156.430      *

Between Level

 THETA1   BY
    ENERG              1.000       0.000      0.000       1.000       1.000

 THETA2   BY
    ENTHU              1.000       0.000      0.000       1.000       1.000

 THETA3   BY
    CHEER              1.000       0.000      0.000       1.000       1.000

 THETA1   WITH
    THETA2           121.302       9.075      0.000     104.942     140.285      *
    THETA3           117.224       8.919      0.000     101.212     136.256      *
    AR                 0.128       0.130      0.161      -0.123       0.386

 THETA2   WITH
    THETA3           126.572       9.358      0.000     109.505     146.790      *
    AR                 0.074       0.134      0.297      -0.186       0.341

 THETA3   WITH
    AR                 0.140       0.133      0.150      -0.116       0.402

 Means
    THETA1            50.672       0.554      0.000      49.589      51.749      *
    THETA2            52.517       0.570      0.000      51.390      53.613      *
    THETA3            56.144       0.572      0.000      55.008      57.238      *
    AR                 0.305       0.011      0.000       0.283       0.327      *

 Intercepts
    ENERG              0.000       0.000      1.000       0.000       0.000
    ENTHU              0.000       0.000      1.000       0.000       0.000
    CHEER              0.000       0.000      1.000       0.000       0.000

 Variances
    THETA1           130.875       9.334      0.000     114.187     150.439      *
    THETA2           139.196       9.836      0.000     121.376     159.859      *
    THETA3           138.709       9.769      0.000     121.240     159.789      *
    AR                 0.030       0.003      0.000       0.024       0.037      *

 Residual Variances
    ENERG              0.001       0.000      0.000       0.001       0.001
    ENTHU              0.001       0.000      0.000       0.001       0.001
    CHEER              0.001       0.000      0.000       0.001       0.001


TECHNICAL 1 OUTPUT


     PARAMETER SPECIFICATION FOR WITHIN


           NU
              ENERG         ENTHU         CHEER
              ________      ________      ________
                    0             0             0


           LAMBDA
              PAA           PAA&1
              ________      ________
 ENERG              0             0
 ENTHU              1             0
 CHEER              2             0


           THETA
              ENERG         ENTHU         CHEER
              ________      ________      ________
 ENERG              3
 ENTHU              0             4
 CHEER              0             0             5


           ALPHA
              PAA           PAA&1
              ________      ________
                    0             0


           BETA
              PAA           PAA&1
              ________      ________
 PAA                0             0
 PAA&1              0             0


           PSI
              PAA           PAA&1
              ________      ________
 PAA                6
 PAA&1              0             0


     PARAMETER SPECIFICATION FOR BETWEEN


           NU
              ENERG         ENTHU         CHEER
              ________      ________      ________
                    0             0             0


           LAMBDA
              THETA1        THETA2        THETA3        AR
              ________      ________      ________      ________
 ENERG              0             0             0             0
 ENTHU              0             0             0             0
 CHEER              0             0             0             0


           THETA
              ENERG         ENTHU         CHEER
              ________      ________      ________
 ENERG              0
 ENTHU              0             0
 CHEER              0             0             0


           ALPHA
              THETA1        THETA2        THETA3        AR
              ________      ________      ________      ________
                    7             8             9            10


           BETA
              THETA1        THETA2        THETA3        AR
              ________      ________      ________      ________
 THETA1             0             0             0             0
 THETA2             0             0             0             0
 THETA3             0             0             0             0
 AR                 0             0             0             0


           PSI
              THETA1        THETA2        THETA3        AR
              ________      ________      ________      ________
 THETA1            11
 THETA2            12            13
 THETA3            14            15            16
 AR                17            18            19            20


     STARTING VALUES FOR WITHIN


           NU
              ENERG         ENTHU         CHEER
              ________      ________      ________
                0.000         0.000         0.000


           LAMBDA
              PAA           PAA&1
              ________      ________
 ENERG          1.000         0.000
 ENTHU          1.000         0.000
 CHEER          1.000         0.000


           THETA
              ENERG         ENTHU         CHEER
              ________      ________      ________
 ENERG        222.621
 ENTHU          0.000       216.570
 CHEER          0.000         0.000       214.012


           ALPHA
              PAA           PAA&1
              ________      ________
                0.000         0.000


           BETA
              PAA           PAA&1
              ________      ________
 PAA            0.000         0.000
 PAA&1          0.000         0.000


           PSI
              PAA           PAA&1
              ________      ________
 PAA            1.000
 PAA&1          0.000         1.000


     STARTING VALUES FOR BETWEEN


           NU
              ENERG         ENTHU         CHEER
              ________      ________      ________
                0.000         0.000         0.000


           LAMBDA
              THETA1        THETA2        THETA3        AR
              ________      ________      ________      ________
 ENERG          1.000         0.000         0.000         0.000
 ENTHU          0.000         1.000         0.000         0.000
 CHEER          0.000         0.000         1.000         0.000


           THETA
              ENERG         ENTHU         CHEER
              ________      ________      ________
 ENERG          0.001
 ENTHU          0.000         0.001
 CHEER          0.000         0.000         0.001


           ALPHA
              THETA1        THETA2        THETA3        AR
              ________      ________      ________      ________
                0.000         0.000         0.000         0.000


           BETA
              THETA1        THETA2        THETA3        AR
              ________      ________      ________      ________
 THETA1         0.000         0.000         0.000         0.000
 THETA2         0.000         0.000         0.000         0.000
 THETA3         0.000         0.000         0.000         0.000
 AR             0.000         0.000         0.000         0.000


           PSI
              THETA1        THETA2        THETA3        AR
              ________      ________      ________      ________
 THETA1         1.000
 THETA2         0.000         1.000
 THETA3         0.000         0.000         1.000
 AR             0.000         0.000         0.000         1.000



     PRIORS FOR ALL PARAMETERS            PRIOR MEAN      PRIOR VARIANCE     PRIOR STD. DEV.

     Parameter 1~N(0.000,infinity)           0.0000            infinity            infinity
     Parameter 2~N(0.000,infinity)           0.0000            infinity            infinity
     Parameter 3~IG(-1.000,0.000)          infinity            infinity            infinity
     Parameter 4~IG(-1.000,0.000)          infinity            infinity            infinity
     Parameter 5~IG(-1.000,0.000)          infinity            infinity            infinity
     Parameter 6~IG(-1.000,0.000)          infinity            infinity            infinity
     Parameter 7~N(0.000,infinity)           0.0000            infinity            infinity
     Parameter 8~N(0.000,infinity)           0.0000            infinity            infinity
     Parameter 9~N(0.000,infinity)           0.0000            infinity            infinity
     Parameter 10~N(0.000,infinity)          0.0000            infinity            infinity
     Parameter 11~IW(0.000,-5)             infinity            infinity            infinity
     Parameter 12~IW(0.000,-5)             infinity            infinity            infinity
     Parameter 13~IW(0.000,-5)             infinity            infinity            infinity
     Parameter 14~IW(0.000,-5)             infinity            infinity            infinity
     Parameter 15~IW(0.000,-5)             infinity            infinity            infinity
     Parameter 16~IW(0.000,-5)             infinity            infinity            infinity
     Parameter 17~IW(0.000,-5)             infinity            infinity            infinity
     Parameter 18~IW(0.000,-5)             infinity            infinity            infinity
     Parameter 19~IW(0.000,-5)             infinity            infinity            infinity
     Parameter 20~IW(0.000,-5)             infinity            infinity            infinity


TECHNICAL 8 OUTPUT


   TECHNICAL 8 OUTPUT FOR BAYES ESTIMATION

     CHAIN    BSEED
     1        0
     2        285380
     3        253358
     4        93468

                     POTENTIAL       PARAMETER WITH
     ITERATION    SCALE REDUCTION      HIGHEST PSR
     100              1.049               6
     200              1.021               3
     300              1.008               13
     400              1.004               19
     500              1.004               6
     600              1.003               6
     700              1.004               18
     800              1.002               17
     900              1.001               9
     1000             1.002               17
     1100             1.003               6
     1200             1.001               4
     1300             1.002               4
     1400             1.001               4
     1500             1.001               4
     1600             1.000               8
     1700             1.001               18
     1800             1.001               5
     1900             1.001               4
     2000             1.001               4
     2100             1.001               6
     2200             1.002               6
     2300             1.002               6
     2400             1.001               6
     2500             1.001               6
     2600             1.001               6
     2700             1.001               6
     2800             1.001               6
     2900             1.001               6
     3000             1.001               6
     3100             1.001               6
     3200             1.001               6
     3300             1.001               6
     3400             1.001               6
     3500             1.001               6
     3600             1.001               6
     3700             1.000               18
     3800             1.001               18
     3900             1.001               18
     4000             1.001               18
     4100             1.001               6
     4200             1.001               6
     4300             1.001               6
     4400             1.001               6
     4500             1.001               6
     4600             1.001               6
     4700             1.001               6
     4800             1.001               6
     4900             1.001               6
     5000             1.001               6


SUMMARIES OF PLAUSIBLE VALUES (N = NUMBER OF OBSERVATIONS * NUMBER OF IMPUTATIONS)


     SAMPLE STATISTICS


           Means
              PAA           PAA&1         THETA1        THETA2        THETA3
              ________      ________      ________      ________      ________
                0.007         0.019        50.653        52.487        56.129


           Means
              AR            B_ENERG       B_ENTHU       B_CHEER
              ________      ________      ________      ________
                0.306        50.653        52.487        56.129


           Covariances
              PAA           PAA&1         THETA1        THETA2        THETA3
              ________      ________      ________      ________      ________
 PAA          177.901
 PAA&1         59.202       176.417
 THETA1        -0.175        -0.246       127.803
 THETA2        -0.152        -0.241       118.460       136.021
 THETA3        -0.271        -0.357       114.605       123.816       135.855
 AR             0.003         0.002         0.128         0.071         0.146
 B_ENERG       -0.174        -0.246       127.801       118.458       114.602
 B_ENTHU       -0.152        -0.241       118.458       136.019       123.813
 B_CHEER       -0.271        -0.357       114.604       123.816       135.854


           Covariances
              AR            B_ENERG       B_ENTHU       B_CHEER
              ________      ________      ________      ________
 AR             0.029
 B_ENERG        0.128       127.800
 B_ENTHU        0.071       118.456       136.017
 B_CHEER        0.146       114.601       123.813       135.853


           Correlations
              PAA           PAA&1         THETA1        THETA2        THETA3
              ________      ________      ________      ________      ________
 PAA            1.000
 PAA&1          0.334         1.000
 THETA1        -0.001        -0.002         1.000
 THETA2        -0.001        -0.002         0.898         1.000
 THETA3        -0.002        -0.002         0.870         0.911         1.000
 AR             0.001         0.001         0.066         0.036         0.074
 B_ENERG       -0.001        -0.002         1.000         0.898         0.870
 B_ENTHU       -0.001        -0.002         0.898         1.000         0.911
 B_CHEER       -0.002        -0.002         0.870         0.911         1.000


           Correlations
              AR            B_ENERG       B_ENTHU       B_CHEER
              ________      ________      ________      ________
 AR             1.000
 B_ENERG        0.066         1.000
 B_ENTHU        0.036         0.898         1.000
 B_CHEER        0.074         0.870         0.911         1.000


SUMMARY OF PLAUSIBLE STANDARD DEVIATION (N = NUMBER OF OBSERVATIONS)


     SAMPLE STATISTICS


           Means
              PAA_SD        PAA&1_SD      THETA1_S      THETA2_S      THETA3_S
              ________      ________      ________      ________      ________
                7.742         7.717         2.333         2.358         2.292


           Means
              AR_SD         B_ENERG_      B_ENTHU_      B_CHEER_
              ________      ________      ________      ________
                0.113         2.332         2.358         2.292


           Covariances
              PAA_SD        PAA&1_SD      THETA1_S      THETA2_S      THETA3_S
              ________      ________      ________      ________      ________
 PAA_SD        12.330
 PAA&1_SD      -0.714        12.529
 THETA1_S       0.062         0.062         0.113
 THETA2_S       0.072         0.071         0.123         0.164
 THETA3_S       0.066         0.066         0.113         0.143         0.141
 AR_SD          0.001         0.001        -0.002        -0.003        -0.003
 B_ENERG_       0.062         0.062         0.113         0.123         0.113
 B_ENTHU_       0.072         0.071         0.123         0.164         0.143
 B_CHEER_       0.066         0.066         0.113         0.143         0.141


           Covariances
              AR_SD         B_ENERG_      B_ENTHU_      B_CHEER_
              ________      ________      ________      ________
 AR_SD          0.000
 B_ENERG_      -0.002         0.113
 B_ENTHU_      -0.003         0.123         0.164
 B_CHEER_      -0.003         0.113         0.143         0.141


           Correlations
              PAA_SD        PAA&1_SD      THETA1_S      THETA2_S      THETA3_S
              ________      ________      ________      ________      ________
 PAA_SD         1.000
 PAA&1_SD      -0.057         1.000
 THETA1_S       0.053         0.052         1.000
 THETA2_S       0.050         0.050         0.907         1.000
 THETA3_S       0.050         0.049         0.891         0.941         1.000
 AR_SD          0.023         0.023        -0.418        -0.468        -0.456
 B_ENERG_       0.053         0.052         1.000         0.906         0.891
 B_ENTHU_       0.050         0.050         0.907         1.000         0.941
 B_CHEER_       0.050         0.049         0.891         0.941         1.000


           Correlations
              AR_SD         B_ENERG_      B_ENTHU_      B_CHEER_
              ________      ________      ________      ________
 AR_SD          1.000
 B_ENERG_      -0.418         1.000
 B_ENTHU_      -0.467         0.907         1.000
 B_CHEER_      -0.455         0.891         0.941         1.000


PLOT INFORMATION

The following plots are available:

  Bayesian posterior parameter distributions
  Bayesian posterior parameter trace plots
  Bayesian autocorrelation plots

SAVEDATA INFORMATION


  Save file
    hgin_paa_0_fscores.dat

  Order and format of variables

    ENERG                            F10.3
    ENTHU                            F10.3
    CHEER                            F10.3
    PAA Mean                         F10.3
    PAA Median                       F10.3
    PAA Standard Deviation           F10.3
    PAA 2.5% Value                   F10.3
    PAA 97.5% Value                  F10.3
    PAA&1 Mean                       F10.3
    PAA&1 Median                     F10.3
    PAA&1 Standard Deviation         F10.3
    PAA&1 2.5% Value                 F10.3
    PAA&1 97.5% Value                F10.3
    THETA1 Mean                      F10.3
    THETA1 Median                    F10.3
    THETA1 Standard Deviation        F10.3
    THETA1 2.5% Value                F10.3
    THETA1 97.5% Value               F10.3
    THETA2 Mean                      F10.3
    THETA2 Median                    F10.3
    THETA2 Standard Deviation        F10.3
    THETA2 2.5% Value                F10.3
    THETA2 97.5% Value               F10.3
    THETA3 Mean                      F10.3
    THETA3 Median                    F10.3
    THETA3 Standard Deviation        F10.3
    THETA3 2.5% Value                F10.3
    THETA3 97.5% Value               F10.3
    AR Mean                          F10.3
    AR Median                        F10.3
    AR Standard Deviation            F10.3
    AR 2.5% Value                    F10.3
    AR 97.5% Value                   F10.3
    B_ENERG Mean                     F10.3
    B_ENERG Median                   F10.3
    B_ENERG Standard Deviation       F10.3
    B_ENERG 2.5% Value               F10.3
    B_ENERG 97.5% Value              F10.3
    B_ENTHU Mean                     F10.3
    B_ENTHU Median                   F10.3
    B_ENTHU Standard Deviation       F10.3
    B_ENTHU 2.5% Value               F10.3
    B_ENTHU 97.5% Value              F10.3
    B_CHEER Mean                     F10.3
    B_CHEER Median                   F10.3
    B_CHEER Standard Deviation       F10.3
    B_CHEER 2.5% Value               F10.3
    B_CHEER 97.5% Value              F10.3
    ID                               I7
    _TIMEPOINT                       I4

  Save file format
    48F10.3 I7 I4

  Save file record length    10000


  Bayesian Parameters

  Save file
    hgin_paa_0_samples.dat
  Save format      Free

  Order of parameters saved

    Chain number
    Iteration number
    Parameter 1, %WITHIN%: PAA BY ENTHU (equality/label)
    Parameter 2, %WITHIN%: PAA BY CHEER (equality/label)
    Parameter 3, %WITHIN%: ENERG (equality/label)
    Parameter 4, %WITHIN%: ENTHU (equality/label)
    Parameter 5, %WITHIN%: CHEER (equality/label)
    Parameter 6, %WITHIN%: PAA (equality/label)
    Parameter 7, %BETWEEN%: [ THETA1 ] (equality/label)
    Parameter 8, %BETWEEN%: [ THETA2 ] (equality/label)
    Parameter 9, %BETWEEN%: [ THETA3 ] (equality/label)
    Parameter 10, %BETWEEN%: [ AR ]
    Parameter 11, %BETWEEN%: THETA1 (equality/label)
    Parameter 12, %BETWEEN%: THETA2 WITH THETA1
    Parameter 13, %BETWEEN%: THETA2 (equality/label)
    Parameter 14, %BETWEEN%: THETA3 WITH THETA1
    Parameter 15, %BETWEEN%: THETA3 WITH THETA2
    Parameter 16, %BETWEEN%: THETA3 (equality/label)
    Parameter 17, %BETWEEN%: AR WITH THETA1
    Parameter 18, %BETWEEN%: AR WITH THETA2
    Parameter 19, %BETWEEN%: AR WITH THETA3
    Parameter 20, %BETWEEN%: AR

    Convergence iterations 1-5000
    Factor score imputations iterations 5001-5100

     Beginning Time:  15:47:16
        Ending Time:  16:42:03
       Elapsed Time:  00:54:47



MUTHEN & MUTHEN
3463 Stoner Ave.
Los Angeles, CA  90066

Tel: (310) 391-9971
Fax: (310) 391-8971
Web: www.StatModel.com
Support: Support@StatModel.com

Copyright (c) 1998-2019 Muthen & Muthen
