Mplus VERSION 8.4 (Linux)
MUTHEN & MUTHEN
01/28/2021   5:35 PM

INPUT INSTRUCTIONS

  TITLE: TSO for positive affect activation items with random autoregressive effect.

  DATA: FILE = "Mplus/hgin.dat";
  VARIABLE:
  NAMES = id days sex age relax energ enthu conte calm cheer event social optim;
  MISSING =.;
  USEVAR = energ enthu cheer;
  CLUSTER = id;
  TINTERVAL = days(0.25);

  ANALYSIS:
  TYPE = TWOLEVEL RANDOM;
  ESTIMATOR = BAYES;
  BITERATIONS = 20000(5000);
  PROCESSORS = 4;
  CHAINS = 4;
  THIN = 10;

  MODEL:

  %WITHIN%
  !Latent occasion specific variable
  paa BY energ@1
         enthu (lamb2)
         cheer (&1 lamb3);

  !Random Autoregressive Effect
  ar | paa ON paa&1;

  !Variances of the random measurement error and
  !the latent state residual.
  energ(me1);
  enthu(me2);
  cheer(me3);
  paa(sred);

  %BETWEEN%
  !Latent trait-indicator variables
  theta1 by energ@1;
  theta2 by enthu@1;
  theta3 by cheer@1;

  !Fix 0 intercepts and estimate latent trait-indicator means.
  !Estimate random coefficients means
  [energ@0];
  [enthu@0];
  [cheer@0];
  [theta1](int1);
  [theta2](int2);
  [theta3](int3);
  [ar];

  !Fix 0 between residual variance. Estimate latent trait-indicator
  !variances and random coefficients variances.
  energ@0.001;
  enthu@0.001;
  cheer@0.001;
  theta1(tvar1);
  theta2(tvar2);
  theta3(tvar3);
  ar;

  !Covariances
  theta1-theta3 WITH theta1-theta3 ar;

  SAVEDATA: BPARAMETERS = hgin_paa_0_samples.dat;
            FILE is hgin_paa_0_fscores.dat;
            SAVE = FSCORES (100 10);
  OUTPUT: TECH8;
          !STANDARDIZED(CLUSTER);
  PLOT: TYPE = PLOT2;






INPUT READING TERMINATED NORMALLY



TSO for positive affect activation items with random autoregressive effect.

SUMMARY OF ANALYSIS

Number of groups                                                 1
Number of observations                                       75821

Number of dependent variables                                    3
Number of independent variables                                  0
Number of continuous latent variables                            6

Observed dependent variables

  Continuous
   ENERG       ENTHU       CHEER

Continuous latent variables
   PAA         PAA&1       THETA1      THETA2      THETA3      AR

Variables with special functions

  Cluster variable      ID

Estimator                                                    BAYES
Specifications for Bayesian Estimation
  Point estimate                                            MEDIAN
  Number of Markov chain Monte Carlo (MCMC) chains               4
  Random seed for the first chain                                0
  Starting value information                           UNPERTURBED
  Algorithm used for Markov chain Monte Carlo           GIBBS(PX1)
  Convergence criterion                                  0.500D-01
  Maximum number of iterations                               20000
  K-th iteration used for thinning                              10
Specifications for Bayes Factor Score Estimation
  Number of imputed data sets                                  100
  Iteration intervals for thinning                              10

Input data file(s)
  Mplus/hgin.dat
Input data format  FREE


SUMMARY OF DATA

     Number of clusters                        644

       Size (s)    Cluster ID with Size s

         96        115050
         97        112058
         99        105607
        104        114970
        105        114553
        109        113441
        110        102761 111158 114652
        111        112834
        112        113891 110159 114283 111562 112977 103380
        113        115003 112311 103917 104478 114222 112210 112148
        114        112383 115093 112189 105166 114918 108074 111680 113523
                   113469
        115        113785 111787 115221 106097 107990 101449 113914 113537
                   111377
        116        104516 103614 113604 112000 114027 112212 112981 113602
                   114776 105718 113009 109754 107727 108083 113321 102348
                   109462 114721 113987 111472 114827
        117        105692 109083 112882 111183 113756 114055 115098 111777
                   113852 115021 107515 115042 112807 110374 114796 101329
                   102434 112941 113711 114777 114874 112762 111660 112897
                   113520 107926 108530 113267 114635 111263 104230 113670
                   112251 113631 115000 105926 101748 113483 111565 113502
                   114999 107902 113818 107109 111225 110660 111786 110513
                   101169 113763 105326 112152 111168 112253 114353 113271
                   114610 108142 110675 114333 113968 112696 102958 106168
                   101703 112647 105818 114967 114262 114668 114637 111752
                   111286 113998 105775 114128 114858 111288 113918 113043
                   112177 106000 104220 110459 113797 113833 114386 113516
                   113260 113706 113880 110543
        118        114948 106648 103766 114823 111052 113798 101912 105721
                   106347 114749 102103 109899 114425 115124 114351 105208
                   108248 111349 101483 114627 102586 112031 109530 114739
                   113507 111650 106232 114849 111736 111491 107542 103772
                   110798 102160 107038 114672 104439 113196 113934 111617
                   107595 107487 114708 103948 111338 100053 112051 111528
                   114039 111487 111251 108210 114016 101453 110644 113453
                   114559 114983 113820 102487 113597 111267 114675 113264
                   113834 113758 112759 110063 113600 112267 112908 103874
                   113173 113248 107080 109056 112045 103112 113301 114748
                   100023 111976 114778 102232 114595 104228 114741 114738
                   114933 114808 101917 110842 100952 100309 102998 112195
                   112171 103463 112702 100849 113832 111024 105232 114046
                   112101 114975 112547 112634 106793 110657 113099 114146
                   105589 103435 107734 114840 106972 105961 114761 105265
                   104824 112910 112684 105773 114729 113638 112735 113510
                   115051 101390 111441 111476 112036 113101 114813 111600
                   110364 106280 113708 106870 102438 100017 102407 111559
                   104582 114456 111701 109967 113418 105482 100080 113857
                   111458 100425 100070 110477 111569 111298 112354 114203
                   111211 102516 112147 100001 113789 18 111469 113591
                   110183 103589 113557 100787 103386 114591 114011 111156
                   113309 112995 113475 110343 112861 102997 114951 111394
                   112216 111412 113775 112182 100016 113532 114592 110151
                   102088 100766 114070 111342 113000 114800 111012 106422
                   109823 110328 111494 111979 113919 113961 105634 113618
                   111210 113894 110278 111741 113899 111848 113791 104702
                   103827 114385 111966 113332 114506 101553 107039 113053
                   111754 114891 110359 111762 112621 111203 102167 104227
                   105010 101003 113839 105881 107298 113205 113141 112983
                   111330 112554 100566 112761 104254 109910 100122 114977
                   111510 103415 112287 110284 114949 112940 114833 114549
                   112449 111409 102700 106523 114015 115084 111744 111982
        119        114552 105873 109670 112477 100713 112887 114976 108749
                   114584 113083 113942 113198 108171 111710 111368 111194
                   115007 111909 108942 112259 112979 106098 104729 111335
                   109622 108785 113344 104788 107992 102285 111309 113430
                   112097 101725 109721 104364 113945 114121 113723 112030
                   114522 114907 114546 111883 113119 109524 113534 112708
                   101908 114437 109346 108039 114814 112098 113575 100551
                   113590 112022 112947 111186 110636 113090 114658 105804
                   111334 113480 114325 114589 113203 100009 106318 109746
                   111270 111582 104647 113495 112301 114002 113752 113519
                   111591 100446 112857 111322 113334 113343 105443 114357
                   111302 114687 111296 100813 115127 112303 109446 101070
                   110685 111176 112243 114713 111737 114771 110659 114323
                   112020 111969 112790 111927 111196 113263 101863 111632
                   115087 111983 110641 114661 112600 111490 111542 113042
                   101937 104818 112146 113187 113851 114201 111190 113776
                   114662 100298 112540 100398 114613 112027 111784 111951
                   113079 113096 112185 114680 100540 114736 100198 111723
                   102444 113895 113514 114537 112406 111527 113743 105476
                   114765 114706 113192 114484 111778 105889 107421 113056
                   114440 106382 100020 104590 112135 111903 111957 111529
                   111250 103213 114789 113745 113884 101786 112855 113097
                   114644 113707 103116 111305 112885 101619 114727 113821
                   114100 113504 107152 114073 104777 109950 111938 111230
                   113941 112899 114890 111463 106069 105522 101251 113200
                   113847 102498 113240 111844 104141 103267 113167 110448
                   113428 101307 105606 112390 108977 112023 114545 111514
                   109750 107172 110453 114428 113231 101938 112843 111631
                   112511 107978



SUMMARY OF MISSING DATA PATTERNS

     Number of missing data patterns             2


     MISSING DATA PATTERNS (x = not missing)

           1  2
 ENERG     x
 ENTHU     x
 CHEER     x


     MISSING DATA PATTERN FREQUENCIES

    Pattern   Frequency     Pattern   Frequency
          1       48259           2       27562


COVARIANCE COVERAGE OF DATA

Minimum covariance coverage value   0.100


     PROPORTION OF DATA PRESENT


           Covariance Coverage
              ENERG         ENTHU         CHEER
              ________      ________      ________
 ENERG          0.636
 ENTHU          0.636         0.636
 CHEER          0.636         0.636         0.636



UNIVARIATE SAMPLE STATISTICS


     UNIVARIATE HIGHER-ORDER MOMENT DESCRIPTIVE STATISTICS

         Variable/         Mean/     Skewness/   Minimum/ % with                Percentiles
        Sample Size      Variance    Kurtosis    Maximum  Min/Max      20%/60%    40%/80%    Median

     ENERG                50.097      -0.132       0.000    0.57%      30.350     43.260     50.000
           48259.000     459.346      -0.696     100.000    0.32%      59.060     69.650
     ENTHU                52.291      -0.251       0.000    0.69%      33.370     50.000     52.790
           48259.000     438.948      -0.471     100.000    0.37%      60.740     70.810
     CHEER                55.746      -0.337       0.000    0.49%      36.320     50.000     59.120
           48259.000     437.720      -0.383     100.000    0.57%      64.090     73.830


THE MODEL ESTIMATION TERMINATED NORMALLY

     USE THE FBITERATIONS OPTION TO INCREASE THE NUMBER OF ITERATIONS BY A FACTOR
     OF AT LEAST TWO TO CHECK CONVERGENCE AND THAT THE PSR VALUE DOES NOT INCREASE.



MODEL FIT INFORMATION

Number of Free Parameters                              20

Information Criteria

          Deviance (DIC)                      1114017.954
          Estimated Number of Parameters (pD)   41865.984



MODEL RESULTS

                                Posterior  One-Tailed         95% C.I.
                    Estimate       S.D.      P-Value   Lower 2.5%  Upper 2.5%  Significance

Within Level

 PAA      BY
    ENERG              1.000       0.000      0.000       1.000       1.000
    ENTHU              1.123       0.006      0.000       1.111       1.136      *
    CHEER              1.050       0.006      0.000       1.038       1.063      *

 Residual Variances
    ENERG            139.639       1.127      0.000     137.436     141.851      *
    ENTHU             69.411       0.952      0.000      67.576      71.277      *
    CHEER             92.170       0.966      0.000      90.293      94.105      *
    PAA              147.849       1.723      0.000     144.435     151.297      *

Between Level

 THETA1   BY
    ENERG              1.000       0.000      0.000       1.000       1.000

 THETA2   BY
    ENTHU              1.000       0.000      0.000       1.000       1.000

 THETA3   BY
    CHEER              1.000       0.000      0.000       1.000       1.000

 THETA1   WITH
    THETA2           131.850       8.239      0.000     117.059     149.268      *
    THETA3           128.272       8.158      0.000     113.469     145.484      *
    AR                -0.047       0.117      0.340      -0.274       0.180

 THETA2   WITH
    THETA3           139.605       8.568      0.000     124.107     157.855      *
    AR                -0.036       0.117      0.383      -0.263       0.197

 THETA3   WITH
    AR                -0.001       0.118      0.497      -0.228       0.234

 Means
    THETA1            50.097       0.487      0.000      49.149      51.067      *
    THETA2            52.271       0.490      0.000      51.335      53.243      *
    THETA3            55.765       0.498      0.000      54.788      56.748      *
    AR                 0.333       0.009      0.000       0.315       0.351      *

 Intercepts
    ENERG              0.000       0.000      1.000       0.000       0.000
    ENTHU              0.000       0.000      1.000       0.000       0.000
    CHEER              0.000       0.000      1.000       0.000       0.000

 Variances
    THETA1           146.108       8.596      0.000     130.442     164.392      *
    THETA2           150.006       8.887      0.000     134.188     169.203      *
    THETA3           153.535       8.999      0.000     137.350     172.428      *
    AR                 0.032       0.003      0.000       0.027       0.038      *

 Residual Variances
    ENERG              0.001       0.000      0.000       0.001       0.001
    ENTHU              0.001       0.000      0.000       0.001       0.001
    CHEER              0.001       0.000      0.000       0.001       0.001


TECHNICAL 1 OUTPUT


     PARAMETER SPECIFICATION FOR WITHIN


           NU
              ENERG         ENTHU         CHEER
              ________      ________      ________
                    0             0             0


           LAMBDA
              PAA           PAA&1
              ________      ________
 ENERG              0             0
 ENTHU              1             0
 CHEER              2             0


           THETA
              ENERG         ENTHU         CHEER
              ________      ________      ________
 ENERG              3
 ENTHU              0             4
 CHEER              0             0             5


           ALPHA
              PAA           PAA&1
              ________      ________
                    0             0


           BETA
              PAA           PAA&1
              ________      ________
 PAA                0             0
 PAA&1              0             0


           PSI
              PAA           PAA&1
              ________      ________
 PAA                6
 PAA&1              0             0


     PARAMETER SPECIFICATION FOR BETWEEN


           NU
              ENERG         ENTHU         CHEER
              ________      ________      ________
                    0             0             0


           LAMBDA
              THETA1        THETA2        THETA3        AR
              ________      ________      ________      ________
 ENERG              0             0             0             0
 ENTHU              0             0             0             0
 CHEER              0             0             0             0


           THETA
              ENERG         ENTHU         CHEER
              ________      ________      ________
 ENERG              0
 ENTHU              0             0
 CHEER              0             0             0


           ALPHA
              THETA1        THETA2        THETA3        AR
              ________      ________      ________      ________
                    7             8             9            10


           BETA
              THETA1        THETA2        THETA3        AR
              ________      ________      ________      ________
 THETA1             0             0             0             0
 THETA2             0             0             0             0
 THETA3             0             0             0             0
 AR                 0             0             0             0


           PSI
              THETA1        THETA2        THETA3        AR
              ________      ________      ________      ________
 THETA1            11
 THETA2            12            13
 THETA3            14            15            16
 AR                17            18            19            20


     STARTING VALUES FOR WITHIN


           NU
              ENERG         ENTHU         CHEER
              ________      ________      ________
                0.000         0.000         0.000


           LAMBDA
              PAA           PAA&1
              ________      ________
 ENERG          1.000         0.000
 ENTHU          1.000         0.000
 CHEER          1.000         0.000


           THETA
              ENERG         ENTHU         CHEER
              ________      ________      ________
 ENERG        229.673
 ENTHU          0.000       219.474
 CHEER          0.000         0.000       218.860


           ALPHA
              PAA           PAA&1
              ________      ________
                0.000         0.000


           BETA
              PAA           PAA&1
              ________      ________
 PAA            0.000         0.000
 PAA&1          0.000         0.000


           PSI
              PAA           PAA&1
              ________      ________
 PAA            1.000
 PAA&1          0.000         1.000


     STARTING VALUES FOR BETWEEN


           NU
              ENERG         ENTHU         CHEER
              ________      ________      ________
                0.000         0.000         0.000


           LAMBDA
              THETA1        THETA2        THETA3        AR
              ________      ________      ________      ________
 ENERG          1.000         0.000         0.000         0.000
 ENTHU          0.000         1.000         0.000         0.000
 CHEER          0.000         0.000         1.000         0.000


           THETA
              ENERG         ENTHU         CHEER
              ________      ________      ________
 ENERG          0.001
 ENTHU          0.000         0.001
 CHEER          0.000         0.000         0.001


           ALPHA
              THETA1        THETA2        THETA3        AR
              ________      ________      ________      ________
                0.000         0.000         0.000         0.000


           BETA
              THETA1        THETA2        THETA3        AR
              ________      ________      ________      ________
 THETA1         0.000         0.000         0.000         0.000
 THETA2         0.000         0.000         0.000         0.000
 THETA3         0.000         0.000         0.000         0.000
 AR             0.000         0.000         0.000         0.000


           PSI
              THETA1        THETA2        THETA3        AR
              ________      ________      ________      ________
 THETA1         1.000
 THETA2         0.000         1.000
 THETA3         0.000         0.000         1.000
 AR             0.000         0.000         0.000         1.000



     PRIORS FOR ALL PARAMETERS            PRIOR MEAN      PRIOR VARIANCE     PRIOR STD. DEV.

     Parameter 1~N(0.000,infinity)           0.0000            infinity            infinity
     Parameter 2~N(0.000,infinity)           0.0000            infinity            infinity
     Parameter 3~IG(-1.000,0.000)          infinity            infinity            infinity
     Parameter 4~IG(-1.000,0.000)          infinity            infinity            infinity
     Parameter 5~IG(-1.000,0.000)          infinity            infinity            infinity
     Parameter 6~IG(-1.000,0.000)          infinity            infinity            infinity
     Parameter 7~N(0.000,infinity)           0.0000            infinity            infinity
     Parameter 8~N(0.000,infinity)           0.0000            infinity            infinity
     Parameter 9~N(0.000,infinity)           0.0000            infinity            infinity
     Parameter 10~N(0.000,infinity)          0.0000            infinity            infinity
     Parameter 11~IW(0.000,-5)             infinity            infinity            infinity
     Parameter 12~IW(0.000,-5)             infinity            infinity            infinity
     Parameter 13~IW(0.000,-5)             infinity            infinity            infinity
     Parameter 14~IW(0.000,-5)             infinity            infinity            infinity
     Parameter 15~IW(0.000,-5)             infinity            infinity            infinity
     Parameter 16~IW(0.000,-5)             infinity            infinity            infinity
     Parameter 17~IW(0.000,-5)             infinity            infinity            infinity
     Parameter 18~IW(0.000,-5)             infinity            infinity            infinity
     Parameter 19~IW(0.000,-5)             infinity            infinity            infinity
     Parameter 20~IW(0.000,-5)             infinity            infinity            infinity


TECHNICAL 8 OUTPUT


   TECHNICAL 8 OUTPUT FOR BAYES ESTIMATION

     CHAIN    BSEED
     1        0
     2        285380
     3        253358
     4        93468

                     POTENTIAL       PARAMETER WITH
     ITERATION    SCALE REDUCTION      HIGHEST PSR
     100              1.025               9
     200              1.004               6
     300              1.010               18
     400              1.005               19
     500              1.021               6
     600              1.008               4
     700              1.006               6
     800              1.006               6
     900              1.003               6
     1000             1.002               6
     1100             1.002               3
     1200             1.002               3
     1300             1.002               6
     1400             1.002               3
     1500             1.001               3
     1600             1.001               19
     1700             1.001               18
     1800             1.000               19
     1900             1.000               10
     2000             1.001               10
     2100             1.001               10
     2200             1.001               11
     2300             1.001               11
     2400             1.000               9
     2500             1.001               9
     2600             1.001               11
     2700             1.001               11
     2800             1.001               11
     2900             1.001               14
     3000             1.001               18
     3100             1.001               11
     3200             1.001               18
     3300             1.001               18
     3400             1.001               18
     3500             1.001               18
     3600             1.001               18
     3700             1.001               18
     3800             1.001               18
     3900             1.001               18
     4000             1.001               18
     4100             1.001               18
     4200             1.001               18
     4300             1.001               18
     4400             1.001               18
     4500             1.001               19
     4600             1.001               18
     4700             1.001               18
     4800             1.001               5
     4900             1.001               5
     5000             1.001               5


SUMMARIES OF PLAUSIBLE VALUES (N = NUMBER OF OBSERVATIONS * NUMBER OF IMPUTATIONS)


     SAMPLE STATISTICS


           Means
              PAA           PAA&1         THETA1        THETA2        THETA3
              ________      ________      ________      ________      ________
               -0.013        -0.001        50.088        52.261        55.769


           Means
              AR            B_ENERG       B_ENTHU       B_CHEER
              ________      ________      ________      ________
                0.333        50.088        52.261        55.769


           Covariances
              PAA           PAA&1         THETA1        THETA2        THETA3
              ________      ________      ________      ________      ________
 PAA          178.039
 PAA&1         65.101       176.500
 THETA1        -0.154        -0.165       143.620
 THETA2        -0.133        -0.170       129.512       147.556
 THETA3        -0.019        -0.055       126.052       137.246       150.952
 AR            -0.007        -0.008        -0.040        -0.024         0.006
 B_ENERG       -0.154        -0.165       143.621       129.514       126.054
 B_ENTHU       -0.133        -0.170       129.512       147.557       137.248
 B_CHEER       -0.019        -0.055       126.053       137.248       150.952


           Covariances
              AR            B_ENERG       B_ENTHU       B_CHEER
              ________      ________      ________      ________
 AR             0.032
 B_ENERG       -0.040       143.623
 B_ENTHU       -0.024       129.513       147.558
 B_CHEER        0.006       126.055       137.249       150.954


           Correlations
              PAA           PAA&1         THETA1        THETA2        THETA3
              ________      ________      ________      ________      ________
 PAA            1.000
 PAA&1          0.367         1.000
 THETA1        -0.001        -0.001         1.000
 THETA2        -0.001        -0.001         0.890         1.000
 THETA3         0.000         0.000         0.856         0.920         1.000
 AR            -0.003        -0.003        -0.019        -0.011         0.003
 B_ENERG       -0.001        -0.001         1.000         0.890         0.856
 B_ENTHU       -0.001        -0.001         0.890         1.000         0.920
 B_CHEER        0.000         0.000         0.856         0.920         1.000


           Correlations
              AR            B_ENERG       B_ENTHU       B_CHEER
              ________      ________      ________      ________
 AR             1.000
 B_ENERG       -0.019         1.000
 B_ENTHU       -0.011         0.890         1.000
 B_CHEER        0.003         0.856         0.920         1.000


SUMMARY OF PLAUSIBLE STANDARD DEVIATION (N = NUMBER OF OBSERVATIONS)


     SAMPLE STATISTICS


           Means
              PAA_SD        PAA&1_SD      THETA1_S      THETA2_S      THETA3_S
              ________      ________      ________      ________      ________
                7.660         7.635         2.395         2.415         2.349


           Means
              AR_SD         B_ENERG_      B_ENTHU_      B_CHEER_
              ________      ________      ________      ________
                0.112         2.395         2.414         2.349


           Covariances
              PAA_SD        PAA&1_SD      THETA1_S      THETA2_S      THETA3_S
              ________      ________      ________      ________      ________
 PAA_SD        11.680
 PAA&1_SD      -0.543        11.876
 THETA1_S       0.101         0.100         0.190
 THETA2_S       0.108         0.107         0.209         0.260
 THETA3_S       0.101         0.100         0.190         0.228         0.215
 AR_SD          0.001         0.001        -0.004        -0.005        -0.004
 B_ENERG_       0.101         0.100         0.190         0.209         0.190
 B_ENTHU_       0.108         0.107         0.209         0.260         0.228
 B_CHEER_       0.101         0.100         0.190         0.228         0.215


           Covariances
              AR_SD         B_ENERG_      B_ENTHU_      B_CHEER_
              ________      ________      ________      ________
 AR_SD          0.000
 B_ENERG_      -0.004         0.190
 B_ENTHU_      -0.005         0.209         0.260
 B_CHEER_      -0.004         0.190         0.228         0.215


           Correlations
              PAA_SD        PAA&1_SD      THETA1_S      THETA2_S      THETA3_S
              ________      ________      ________      ________      ________
 PAA_SD         1.000
 PAA&1_SD      -0.046         1.000
 THETA1_S       0.068         0.067         1.000
 THETA2_S       0.062         0.061         0.941         1.000
 THETA3_S       0.064         0.063         0.941         0.965         1.000
 AR_SD          0.010         0.011        -0.519        -0.538        -0.529
 B_ENERG_       0.068         0.067         1.000         0.941         0.941
 B_ENTHU_       0.062         0.061         0.941         1.000         0.965
 B_CHEER_       0.064         0.063         0.941         0.965         1.000


           Correlations
              AR_SD         B_ENERG_      B_ENTHU_      B_CHEER_
              ________      ________      ________      ________
 AR_SD          1.000
 B_ENERG_      -0.520         1.000
 B_ENTHU_      -0.537         0.941         1.000
 B_CHEER_      -0.530         0.941         0.965         1.000


PLOT INFORMATION

The following plots are available:

  Bayesian posterior parameter distributions
  Bayesian posterior parameter trace plots
  Bayesian autocorrelation plots

SAVEDATA INFORMATION


  Save file
    hgin_paa_0_fscores.dat

  Order and format of variables

    ENERG                            F10.3
    ENTHU                            F10.3
    CHEER                            F10.3
    PAA Mean                         F10.3
    PAA Median                       F10.3
    PAA Standard Deviation           F10.3
    PAA 2.5% Value                   F10.3
    PAA 97.5% Value                  F10.3
    PAA&1 Mean                       F10.3
    PAA&1 Median                     F10.3
    PAA&1 Standard Deviation         F10.3
    PAA&1 2.5% Value                 F10.3
    PAA&1 97.5% Value                F10.3
    THETA1 Mean                      F10.3
    THETA1 Median                    F10.3
    THETA1 Standard Deviation        F10.3
    THETA1 2.5% Value                F10.3
    THETA1 97.5% Value               F10.3
    THETA2 Mean                      F10.3
    THETA2 Median                    F10.3
    THETA2 Standard Deviation        F10.3
    THETA2 2.5% Value                F10.3
    THETA2 97.5% Value               F10.3
    THETA3 Mean                      F10.3
    THETA3 Median                    F10.3
    THETA3 Standard Deviation        F10.3
    THETA3 2.5% Value                F10.3
    THETA3 97.5% Value               F10.3
    AR Mean                          F10.3
    AR Median                        F10.3
    AR Standard Deviation            F10.3
    AR 2.5% Value                    F10.3
    AR 97.5% Value                   F10.3
    B_ENERG Mean                     F10.3
    B_ENERG Median                   F10.3
    B_ENERG Standard Deviation       F10.3
    B_ENERG 2.5% Value               F10.3
    B_ENERG 97.5% Value              F10.3
    B_ENTHU Mean                     F10.3
    B_ENTHU Median                   F10.3
    B_ENTHU Standard Deviation       F10.3
    B_ENTHU 2.5% Value               F10.3
    B_ENTHU 97.5% Value              F10.3
    B_CHEER Mean                     F10.3
    B_CHEER Median                   F10.3
    B_CHEER Standard Deviation       F10.3
    B_CHEER 2.5% Value               F10.3
    B_CHEER 97.5% Value              F10.3
    ID                               I7
    _TIMEPOINT                       I4

  Save file format
    48F10.3 I7 I4

  Save file record length    10000


  Bayesian Parameters

  Save file
    hgin_paa_0_samples.dat
  Save format      Free

  Order of parameters saved

    Chain number
    Iteration number
    Parameter 1, %WITHIN%: PAA BY ENTHU (equality/label)
    Parameter 2, %WITHIN%: PAA BY CHEER (equality/label)
    Parameter 3, %WITHIN%: ENERG (equality/label)
    Parameter 4, %WITHIN%: ENTHU (equality/label)
    Parameter 5, %WITHIN%: CHEER (equality/label)
    Parameter 6, %WITHIN%: PAA (equality/label)
    Parameter 7, %BETWEEN%: [ THETA1 ] (equality/label)
    Parameter 8, %BETWEEN%: [ THETA2 ] (equality/label)
    Parameter 9, %BETWEEN%: [ THETA3 ] (equality/label)
    Parameter 10, %BETWEEN%: [ AR ]
    Parameter 11, %BETWEEN%: THETA1 (equality/label)
    Parameter 12, %BETWEEN%: THETA2 WITH THETA1
    Parameter 13, %BETWEEN%: THETA2 (equality/label)
    Parameter 14, %BETWEEN%: THETA3 WITH THETA1
    Parameter 15, %BETWEEN%: THETA3 WITH THETA2
    Parameter 16, %BETWEEN%: THETA3 (equality/label)
    Parameter 17, %BETWEEN%: AR WITH THETA1
    Parameter 18, %BETWEEN%: AR WITH THETA2
    Parameter 19, %BETWEEN%: AR WITH THETA3
    Parameter 20, %BETWEEN%: AR

    Convergence iterations 1-5000
    Factor score imputations iterations 5001-5100

     Beginning Time:  17:35:04
        Ending Time:  19:02:13
       Elapsed Time:  01:27:09



MUTHEN & MUTHEN
3463 Stoner Ave.
Los Angeles, CA  90066

Tel: (310) 391-9971
Fax: (310) 391-8971
Web: www.StatModel.com
Support: Support@StatModel.com

Copyright (c) 1998-2019 Muthen & Muthen
